<?xml version="1.0" encoding="UTF-8"?>
<!-- Generated by org.testng.reporters.JUnitReportReporter -->
<testsuite hostname="Home-PC" name="com.pomlearning.www.testcases.ChangePassword" tests="1" failures="0" timestamp="23 Jan 2016 05:33:09 GMT" time="8.753" errors="0">
  <testcase name="testChangePassword" time="8.753" classname="com.pomlearning.www.testcases.ChangePassword"/>
</testsuite> <!-- com.pomlearning.www.testcases.ChangePassword -->
