<?xml version="1.0" encoding="UTF-8"?>
<!-- Generated by org.testng.reporters.JUnitReportReporter -->
<testsuite hostname="Home-PC" name="com.pomlearning.www.testcases.FindFriend" tests="1" failures="0" timestamp="22 Jan 2016 19:16:32 GMT" time="9.445" errors="0">
  <testcase name="testFindFriend" time="9.445" classname="com.pomlearning.www.testcases.FindFriend"/>
</testsuite> <!-- com.pomlearning.www.testcases.FindFriend -->
